<?xml version="1.0" encoding="UTF-8"?>
<!-- Generated by org.testng.reporters.JUnitReportReporter -->
<testsuite hostname="Khosruz" failures="0" tests="8" name="FirstTest" time="138.848" errors="0" timestamp="2023-10-04T17:50:24 EDT" skipped="0">
  <testcase classname="FirstTest" name="GOOGLE3" time="17.518"/>
  <system-out/>
  <testcase classname="FirstTest" name="GOOGLE5" time="23.736"/>
  <system-out/>
  <testcase classname="FirstTest" name="GOOGLE2" time="24.470"/>
  <system-out/>
  <testcase classname="FirstTest" name="GOOGLE6" time="12.407"/>
  <system-out/>
  <testcase classname="FirstTest" name="GOOGLE1" time="12.852"/>
  <system-out/>
  <testcase classname="FirstTest" name="GOOGLE7" time="10.462"/>
  <system-out/>
  <testcase classname="FirstTest" name="GOOGLE8" time="15.220"/>
  <system-out/>
  <testcase classname="FirstTest" name="GOOGLE9" time="22.183"/>
  <system-out/>
</testsuite> <!-- FirstTest -->
